SpeechBrain system description
==============================
Python version:
3.9.13 (main, Jun  4 2022, 00:54:24) 
[GCC 7.5.0]
==============================
Installed Python packages:
absl-py==1.3.0
aiohttp==3.8.3
aiosignal==1.2.0
appdirs==1.4.4
async-generator==1.10
async-timeout==4.0.2
attrs==22.1.0
audioread==3.0.0
black==19.10b0
cachetools==5.2.0
certifi==2022.9.24
cffi==1.15.1
cfgv==3.3.1
chardet==5.0.0
charset-normalizer==2.1.1
click==8.0.4
cloudpickle==2.2.0
colorama==0.4.6
coloredlogs==15.0.1
cryptography==38.0.1
Cython==0.29.32
datasets==2.5.2
decorator==5.1.1
dill==0.3.5.1
distlib==0.3.6
docker-pycreds==0.4.0
entrypoints==0.3
exceptiongroup==1.0.0rc9
falcon==3.1.0
falcon-cors==1.1.7
filelock==3.8.0
flake8==3.7.9
flatbuffers==22.10.26
frozenlist==1.3.1
fsspec==2022.8.2
future==0.18.2
gdrive==0.1.5
gitdb==4.0.9
GitPython==3.1.28
google-api-core==2.10.1
google-api-python-client==2.43.0
google-auth==2.12.0
google-auth-httplib2==0.1.0
google-auth-oauthlib==0.4.6
googleapis-common-protos==1.56.4
grpcio==1.50.0
gunicorn==20.1.0
h11==0.14.0
httplib2==0.20.4
huggingface-hub==0.10.0
humanfriendly==10.0
HyperPyYAML==1.0.1
identify==2.5.5
idna==3.4
importlib-metadata==5.0.0
jeepney==0.8.0
joblib==1.2.0
kaleido==0.2.1
librosa==0.9.2
llvmlite==0.39.1
Markdown==3.4.1
MarkupSafe==2.1.1
mccabe==0.6.1
mir-eval==0.7
more-itertools==8.14.0
mpmath==1.2.1
multidict==6.0.2
multiprocess==0.70.13
nodeenv==1.7.0
numba==0.56.2
numpy==1.23.3
oauthlib==3.2.1
onnxruntime==1.13.1
orion==0.2.6
outcome==1.2.0
packaging==21.3
pandas==1.5.0
pathspec==0.10.1
pathtools==0.1.2
pesq==0.0.4
Pillow==9.2.0
platformdirs==2.5.2
plotly==5.10.0
pluggy==0.13.1
pooch==1.6.0
pre-commit==2.20.0
promise==2.3
protobuf==3.19.6
psutil==5.9.2
py==1.11.0
pyaml==21.10.1
pyarrow==10.0.1
pyasn1==0.4.8
pyasn1-modules==0.2.8
pycodestyle==2.5.0
pycparser==2.21
pydub==0.25.1
pyflakes==2.1.1
pymongo==4.2.0
pyparsing==3.0.9
pyroomacoustics==0.3.1
PySocks==1.7.1
PySoundFile==0.9.0.post1
pysrt==1.1.2
pystoi==0.3.3
pytest==5.4.1
python-dateutil==2.8.2
pytz==2022.4
PyYAML==6.0
regex==2022.9.13
requests==2.28.1
requests-oauthlib==1.3.1
resampy==0.4.2
responses==0.18.0
rsa==4.9
ruamel.yaml==0.17.21
ruamel.yaml.clib==0.2.6
scikit-learn==1.1.2
scikit-optimize==0.9.0
scipy==1.9.1
SecretStorage==3.3.3
selenium==4.5.0
sentencepiece==0.1.97
sentry-sdk==1.10.1
setproctitle==1.3.2
shortuuid==1.0.9
six==1.16.0
smmap==5.0.0
sniffio==1.3.0
sortedcontainers==2.4.0
soundfile==0.11.0
sox==1.4.1
-e git+https://github.com/sangeet2020/speechbrain.git@38cf61e9b2e2ad7de45e2eada0a65879732729ba#egg=speechbrain
sympy==1.11.1
tabulate==0.9.0
tenacity==8.1.0
tensorboard==2.10.1
tensorboard-data-server==0.6.1
tensorboard-plugin-wit==1.8.1
threadpoolctl==3.1.0
tokenizers==0.12.1
toml==0.10.2
torch==1.11.0+cu113
torch-tb-profiler==0.4.0
torchaudio==0.11.0+cu113
torchvision==0.12.0+cu113
tqdm==4.64.1
transformers==4.21.1
trio==0.22.0
trio-websocket==0.9.2
typed-ast==1.5.4
typing_extensions==4.3.0
uritemplate==4.1.1
urllib3==1.26.12
versioneer==0.26
virtualenv==20.16.5
wandb==0.13.4
wcwidth==0.2.5
Werkzeug==2.2.2
wsproto==1.2.0
xxhash==3.0.0
yamllint==1.23.0
yarl==1.8.1
youtube-dl==2021.12.17
zipp==3.10.0
==============================
Git revision:
38cf61e9
==============================
CUDA version:
11.3